#
# There is insufficient memory for the Java Runtime Environment to continue.
# Native memory allocation (mmap) failed to map 130023424 bytes for Failed to commit area from 0x0000000084e00000 to 0x000000008ca00000 of length 130023424.
# Possible reasons:
#   The system is out of physical RAM or swap space
#   The process is running with CompressedOops enabled, and the Java Heap may be blocking the growth of the native heap
# Possible solutions:
#   Reduce memory load on the system
#   Increase physical memory or swap space
#   Check if swap backing store is full
#   Decrease Java heap size (-Xmx/-Xms)
#   Decrease number of Java threads
#   Decrease Java thread stack sizes (-Xss)
#   Set larger code cache with -XX:ReservedCodeCacheSize=
# This output file may be truncated or incomplete.
#
#  Out of Memory Error (./src/hotspot/os/windows/os_windows.cpp:3301), pid=10788, tid=4368
#
# JRE version:  (11.0.11+9) (build )
# Java VM: OpenJDK 64-Bit Server VM (11.0.11+9-b60-7590822, mixed mode, sharing, tiered, compressed oops, g1 gc, windows-amd64)
# No core dump will be written. Minidumps are not enabled by default on client versions of Windows
#

---------------  S U M M A R Y ------------

Command Line: org.jetbrains.git4idea.http.GitAskPassApp Username for 'https://github.com': 

Host: Intel(R) Core(TM) i5-4300U CPU @ 1.90GHz, 4 cores, 7G,  Windows 10 , 64 bit Build 19041 (10.0.19041.1566)
Time: Thu Apr 14 07:37:55 2022 SE Asia Standard Time elapsed time: 0.035109 seconds (0d 0h 0m 0s)

---------------  T H R E A D  ---------------

Current thread (0x000002895abba800):  JavaThread "Unknown thread" [_thread_in_vm, id=4368, stack(0x0000009917b00000,0x0000009917c00000)]

Stack: [0x0000009917b00000,0x0000009917c00000]
Native frames: (J=compiled Java code, j=interpreted, Vv=VM code, C=native code)
V  [jvm.dll+0x5f214a]
V  [jvm.dll+0x726fb5]
V  [jvm.dll+0x7285cd]
V  [jvm.dll+0x728c83]
V  [jvm.dll+0x243278]
V  [jvm.dll+0x5ef544]
V  [jvm.dll+0x5e4495]
V  [jvm.dll+0x2fec5b]
V  [jvm.dll+0x2febca]
V  [jvm.dll+0x2feaa2]
V  [jvm.dll+0x303986]
V  [jvm.dll+0x34c3a3]
V  [jvm.dll+0x34caa6]
V  [jvm.dll+0x34c4a3]
V  [jvm.dll+0x2d9688]
V  [jvm.dll+0x2da837]
V  [jvm.dll+0x705ba7]
V  [jvm.dll+0x70739c]
V  [jvm.dll+0x3598f9]
V  [jvm.dll+0x6e931e]
V  [jvm.dll+0x3c1c43]
V  [jvm.dll+0x3c3e81]
C  [jli.dll+0x5373]
C  [ucrtbase.dll+0x21bb2]
C  [KERNEL32.DLL+0x17034]
C  [ntdll.dll+0x52651]


---------------  P R O C E S S  ---------------

Threads class SMR info:
_java_thread_list=0x00000289592c0dc0, length=0, elements={
}

Java Threads: ( => current thread )

Other Threads:
  0x000002895abd3800 GCTaskThread "GC Thread#0" [stack: 0x0000009917c00000,0x0000009917d00000] [id=3492]
  0x000002895ac04800 ConcurrentGCThread "G1 Main Marker" [stack: 0x0000009917d00000,0x0000009917e00000] [id=4224]
  0x000002895ac07000 ConcurrentGCThread "G1 Conc#0" [stack: 0x0000009917e00000,0x0000009917f00000] [id=5364]

[error occurred during error reporting (printing all threads), id 0xc0000005, EXCEPTION_ACCESS_VIOLATION (0xc0000005) at pc=0x00007ff87d159c47]

VM state:not at safepoint (not fully initialized)

VM Mutex/Monitor currently owned by a thread:  ([mutex/lock_event])
[0x000002895abb7af0] Heap_lock - owner thread: 0x000002895abba800

Heap address: 0x0000000084e00000, size: 1970 MB, Compressed Oops mode: Non-zero based: 0x0000000084e00000
Narrow klass base: 0x0000000000000000, Narrow klass shift: 0

GC Heap History (0 events):
No events

Deoptimization events (0 events):
No events

Classes redefined (0 events):
No events

Internal exceptions (0 events):
No events

Events (1 events):
Event: 0.020 Loaded shared library C:\Program Files\Android\Android Studio\jre\bin\zip.dll


Dynamic libraries:
0x00007ff77e870000 - 0x00007ff77e87a000 	C:\Program Files\Android\Android Studio\jre\bin\java.exe
0x00007ff8c92d0000 - 0x00007ff8c94c5000 	C:\WINDOWS\SYSTEM32\ntdll.dll
0x00007ff8c8930000 - 0x00007ff8c89ee000 	C:\WINDOWS\System32\KERNEL32.DLL
0x00007ff8c6fc0000 - 0x00007ff8c7288000 	C:\WINDOWS\System32\KERNELBASE.dll
0x00007ff8c6b80000 - 0x00007ff8c6c80000 	C:\WINDOWS\System32\ucrtbase.dll
0x00007ff8bea50000 - 0x00007ff8bea69000 	C:\Program Files\Android\Android Studio\jre\bin\jli.dll
0x00007ff8bfca0000 - 0x00007ff8bfcb7000 	C:\Program Files\Android\Android Studio\jre\bin\VCRUNTIME140.dll
0x00007ff8c8390000 - 0x00007ff8c8530000 	C:\WINDOWS\System32\USER32.dll
0x00007ff8c6b50000 - 0x00007ff8c6b72000 	C:\WINDOWS\System32\win32u.dll
0x00007ff8b4f50000 - 0x00007ff8b51ea000 	C:\WINDOWS\WinSxS\amd64_microsoft.windows.common-controls_6595b64144ccf1df_6.0.19041.1110_none_60b5254171f9507e\COMCTL32.dll
0x00007ff8c7c60000 - 0x00007ff8c7c8b000 	C:\WINDOWS\System32\GDI32.dll
0x00007ff8c6d30000 - 0x00007ff8c6e3b000 	C:\WINDOWS\System32\gdi32full.dll
0x00007ff8c82f0000 - 0x00007ff8c838e000 	C:\WINDOWS\System32\msvcrt.dll
0x00007ff8c6e40000 - 0x00007ff8c6edd000 	C:\WINDOWS\System32\msvcp_win.dll
0x00007ff8c8660000 - 0x00007ff8c8690000 	C:\WINDOWS\System32\IMM32.DLL
0x00007ff8b3da0000 - 0x00007ff8b3e3d000 	C:\Program Files\Android\Android Studio\jre\bin\msvcp140.dll
0x00007ff87ce70000 - 0x00007ff87d945000 	C:\Program Files\Android\Android Studio\jre\bin\server\jvm.dll
0x00007ff8c8240000 - 0x00007ff8c82ee000 	C:\WINDOWS\System32\ADVAPI32.dll
0x00007ff8c8890000 - 0x00007ff8c892c000 	C:\WINDOWS\System32\sechost.dll
0x00007ff8c8530000 - 0x00007ff8c8655000 	C:\WINDOWS\System32\RPCRT4.dll
0x00007ff8c9140000 - 0x00007ff8c9148000 	C:\WINDOWS\System32\PSAPI.DLL
0x00007ff8b4840000 - 0x00007ff8b4867000 	C:\WINDOWS\SYSTEM32\WINMM.dll
0x00007ff8c1180000 - 0x00007ff8c1189000 	C:\WINDOWS\SYSTEM32\WSOCK32.dll
0x00007ff8bd7d0000 - 0x00007ff8bd7da000 	C:\WINDOWS\SYSTEM32\VERSION.dll
0x00007ff8c9150000 - 0x00007ff8c91bb000 	C:\WINDOWS\System32\WS2_32.dll
0x00007ff8c5290000 - 0x00007ff8c52a2000 	C:\WINDOWS\SYSTEM32\kernel.appcore.dll
0x00007ff8c0db0000 - 0x00007ff8c0dc1000 	C:\Program Files\Android\Android Studio\jre\bin\verify.dll
0x00007ff8b6360000 - 0x00007ff8b6544000 	C:\WINDOWS\SYSTEM32\DBGHELP.DLL
0x00007ff8b5ef0000 - 0x00007ff8b5f1c000 	C:\WINDOWS\SYSTEM32\dbgcore.DLL
0x00007ff8c6ee0000 - 0x00007ff8c6f62000 	C:\WINDOWS\System32\bcryptPrimitives.dll
0x00007ff8a6770000 - 0x00007ff8a6799000 	C:\Program Files\Android\Android Studio\jre\bin\java.dll
0x00007ff8c0f00000 - 0x00007ff8c0f0b000 	C:\Program Files\Android\Android Studio\jre\bin\jimage.dll
0x00007ff8bf0f0000 - 0x00007ff8bf108000 	C:\Program Files\Android\Android Studio\jre\bin\zip.dll

dbghelp: loaded successfully - version: 4.0.5 - missing functions: none
symbol engine: initialized successfully - sym options: 0x614 - pdb path: .;C:\Program Files\Android\Android Studio\jre\bin;C:\WINDOWS\SYSTEM32;C:\WINDOWS\WinSxS\amd64_microsoft.windows.common-controls_6595b64144ccf1df_6.0.19041.1110_none_60b5254171f9507e;C:\Program Files\Android\Android Studio\jre\bin\server

VM Arguments:
java_command: org.jetbrains.git4idea.http.GitAskPassApp Username for 'https://github.com': 
java_class_path (initial): C:/Program Files/Android/Android Studio/plugins/git4idea/lib/git4idea-rt.jar;C:/Program Files/Android/Android Studio/lib/xmlrpc-2.0.1.jar;C:/Program Files/Android/Android Studio/lib/commons-codec-1.15.jar
Launcher Type: SUN_STANDARD

[Global flags]
     intx CICompilerCount                          = 3                                         {product} {ergonomic}
     uint ConcGCThreads                            = 1                                         {product} {ergonomic}
     uint G1ConcRefinementThreads                  = 4                                         {product} {ergonomic}
   size_t G1HeapRegionSize                         = 1048576                                   {product} {ergonomic}
    uintx GCDrainStackTargetSize                   = 64                                        {product} {ergonomic}
   size_t InitialHeapSize                          = 130023424                                 {product} {ergonomic}
   size_t MarkStackSize                            = 4194304                                   {product} {ergonomic}
   size_t MaxHeapSize                              = 2065694720                                {product} {ergonomic}
   size_t MinHeapDeltaBytes                        = 1048576                                   {product} {ergonomic}
    uintx NonNMethodCodeHeapSize                   = 5830732                                {pd product} {ergonomic}
    uintx NonProfiledCodeHeapSize                  = 122913754                              {pd product} {ergonomic}
    uintx ProfiledCodeHeapSize                     = 122913754                              {pd product} {ergonomic}
    uintx ReservedCodeCacheSize                    = 251658240                              {pd product} {ergonomic}
     bool SegmentedCodeCache                       = true                                      {product} {ergonomic}
     bool UseCompressedClassPointers               = true                                 {lp64_product} {ergonomic}
     bool UseCompressedOops                        = true                                 {lp64_product} {ergonomic}
     bool UseG1GC                                  = true                                      {product} {ergonomic}
     bool UseLargePagesIndividualAllocation        = false                                  {pd product} {ergonomic}

Logging:
Log output configuration:
 #0: stdout all=warning uptime,level,tags
 #1: stderr all=off uptime,level,tags

Environment Variables:
JAVA_HOME=C:\Program Files\Java\jdk-16.0.1
PATH=C:\Program Files\Git\mingw64\libexec\git-core;C:\Program Files\Git\mingw64\libexec\git-core;C:\Program Files\Git\mingw64\bin;C:\Program Files\Git\usr\bin;C:\Users\IPComp\bin;C:\Program Files\Common Files\Oracle\Java\javapath;C:\Program Files (x86)\Common Files\Oracle\Java\javapath;C:\Program Files\Java\jdk-16.0.1\bin;C:\Program Files\Java\jdk-13.0.2\bin;C:\Program Files (x86)\Common Files\Intel\Shared Files\cpp\bin\Intel64;C:\WINDOWS\system32;C:\WINDOWS;C:\WINDOWS\System32\Wbem;C:\WINDOWS\System32\WindowsPowerShell\v1.0;C:\WINDOWS\System32\OpenSSH;C:\Program Files\Microsoft VS Code\bin;C:\Program Files\MATLAB\R2014a\bin;C:\Users\IPComp\AppData\Local\Programs\Python\Python39\Scripts;C:\Users\IPComp\AppData\Local\Programs\Python\Python39;C:\Program Files\Java\jdk-16.0.1;C:\adb;C:\Program Files\Git\cmd;C:\Program Files\nodejs;C:\Users\IPComp\AppData\Local\Programs\Python\Python39\Scripts;C:\Users\IPComp\AppData\Local\Programs\Python\Python39;C:\Program Files\Java\jdk-16.0.1;C:\Users\IPComp\anaconda3\Library\bin\graphviz;C;WindowsSystem3;.;C:\Users\IPComp\AppData\Roaming\npm
USERNAME=IPcom
DISPLAY=:0.0
LC_ALL=en_US.UTF-8
OS=Windows_NT
PROCESSOR_IDENTIFIER=Intel64 Family 6 Model 69 Stepping 1, GenuineIntel



---------------  S Y S T E M  ---------------

OS: Windows 10 , 64 bit Build 19041 (10.0.19041.1566)
OS uptime: 0 days 2:18 hours

CPU:total 4 (initial active 4) (2 cores per cpu, 2 threads per core) family 6 model 69 stepping 1 microcode 0x25, cmov, cx8, fxsr, mmx, sse, sse2, sse3, ssse3, sse4.1, sse4.2, popcnt, avx, avx2, aes, clmul, erms, lzcnt, ht, tsc, tscinvbit, bmi1, bmi2, fma

Memory: 4k page, system-wide physical 7879M (435M free)
TotalPageFile size 7879M (AvailPageFile size 90M)
current process WorkingSet (physical memory assigned to process): 9M, peak: 9M
current process commit charge ("private bytes"): 51M, peak: 175M

vm_info: OpenJDK 64-Bit Server VM (11.0.11+9-b60-7590822) for windows-amd64 JRE (11.0.11+9-b60-7590822), built on Jul 29 2021 21:43:44 by "builder" with MS VC++ 14.0 (VS2015)

END.
